This is pdfTeX, Version 3.1415926-2.5-1.40.14 (TeX Live 2013) (format=pdftex 2013.11.26)  2 MAY 2017 07:06
entering extended mode
 restricted \write18 enabled.
 file:line:error style messages enabled.
 %&-line parsing enabled.
**/Users/jiejin/OneDrive/RobSense/Code/DevKit-gitbook/SUMMARY.tex
(/Users/jiejin/OneDrive/RobSense/Code/DevKit-gitbook/SUMMARY.tex
/Users/jiejin/OneDrive/RobSense/Code/DevKit-gitbook/SUMMARY.tex:4: Undefined control sequence.
l.4 \documentclass
                  [a4paper, 12pt]{book}
The control sequence at the end of the top line
of your error message was never \def'ed. If you have
misspelled it (e.g., `\hobx'), type `I' and the correct
spelling (e.g., `I\hbox'). Otherwise just continue,
and I'll forget about whatever was undefined.

/Users/jiejin/OneDrive/RobSense/Code/DevKit-gitbook/SUMMARY.tex:5: Undefined control sequence.
l.5 \usepackage
               {graphicx}
The control sequence at the end of the top line
of your error message was never \def'ed. If you have
misspelled it (e.g., `\hobx'), type `I' and the correct
spelling (e.g., `I\hbox'). Otherwise just continue,
and I'll forget about whatever was undefined.

/Users/jiejin/OneDrive/RobSense/Code/DevKit-gitbook/SUMMARY.tex:6: Undefined control sequence.
l.6 \usepackage
               [utf8]{inputenc}
The control sequence at the end of the top line
of your error message was never \def'ed. If you have
misspelled it (e.g., `\hobx'), type `I' and the correct
spelling (e.g., `I\hbox'). Otherwise just continue,
and I'll forget about whatever was undefined.

/Users/jiejin/OneDrive/RobSense/Code/DevKit-gitbook/SUMMARY.tex:7: Undefined control sequence.
l.7 \usepackage
               [a4paper]{geometry}
The control sequence at the end of the top line
of your error message was never \def'ed. If you have
misspelled it (e.g., `\hobx'), type `I' and the correct
spelling (e.g., `I\hbox'). Otherwise just continue,
and I'll forget about whatever was undefined.

/Users/jiejin/OneDrive/RobSense/Code/DevKit-gitbook/SUMMARY.tex:8: Undefined control sequence.
l.8 \usepackage
               {hyperref}
The control sequence at the end of the top line
of your error message was never \def'ed. If you have
misspelled it (e.g., `\hobx'), type `I' and the correct
spelling (e.g., `I\hbox'). Otherwise just continue,
and I'll forget about whatever was undefined.

/Users/jiejin/OneDrive/RobSense/Code/DevKit-gitbook/SUMMARY.tex:9: Undefined control sequence.
l.9 \pagestyle
              {plain}
The control sequence at the end of the top line
of your error message was never \def'ed. If you have
misspelled it (e.g., `\hobx'), type `I' and the correct
spelling (e.g., `I\hbox'). Otherwise just continue,
and I'll forget about whatever was undefined.

/Users/jiejin/OneDrive/RobSense/Code/DevKit-gitbook/SUMMARY.tex:10: Undefined control sequence.
l.10 \begin
           {document}
The control sequence at the end of the top line
of your error message was never \def'ed. If you have
misspelled it (e.g., `\hobx'), type `I' and the correct
spelling (e.g., `I\hbox'). Otherwise just continue,
and I'll forget about whatever was undefined.

/Users/jiejin/OneDrive/RobSense/Code/DevKit-gitbook/SUMMARY.tex:12: Undefined control sequence.
l.12 \chapter
             *{Summary}
The control sequence at the end of the top line
of your error message was never \def'ed. If you have
misspelled it (e.g., `\hobx'), type `I' and the correct
spelling (e.g., `I\hbox'). Otherwise just continue,
and I'll forget about whatever was undefined.

/Users/jiejin/OneDrive/RobSense/Code/DevKit-gitbook/SUMMARY.tex:14: Undefined control sequence.
l.14 \begin
           {itemize}
The control sequence at the end of the top line
of your error message was never \def'ed. If you have
misspelled it (e.g., `\hobx'), type `I' and the correct
spelling (e.g., `I\hbox'). Otherwise just continue,
and I'll forget about whatever was undefined.

/Users/jiejin/OneDrive/RobSense/Code/DevKit-gitbook/SUMMARY.tex:15: Undefined control sequence.
<argument> \href 
                 \enspace 
\llap #1->\hbox to\z@ {\hss #1
                              }
\textindent #1->\indent \llap {#1\enspace }
                                           \ignorespaces 
l.15 \item \href
                {README.md}{Introduction of PhenixPro Devkit}
The control sequence at the end of the top line
of your error message was never \def'ed. If you have
misspelled it (e.g., `\hobx'), type `I' and the correct
spelling (e.g., `I\hbox'). Otherwise just continue,
and I'll forget about whatever was undefined.

/Users/jiejin/OneDrive/RobSense/Code/DevKit-gitbook/SUMMARY.tex:16: Undefined control sequence.
<argument> \href 
                 \enspace 
\llap #1->\hbox to\z@ {\hss #1
                              }
\textindent #1->\indent \llap {#1\enspace }
                                           \ignorespaces 
l.16 \item \href
                {chapter1/README.md}{Your First Flight With PhenixPro Devkit}
The control sequence at the end of the top line
of your error message was never \def'ed. If you have
misspelled it (e.g., `\hobx'), type `I' and the correct
spelling (e.g., `I\hbox'). Otherwise just continue,
and I'll forget about whatever was undefined.

/Users/jiejin/OneDrive/RobSense/Code/DevKit-gitbook/SUMMARY.tex:18: Undefined control sequence.
l.18 \begin
           {itemize}
The control sequence at the end of the top line
of your error message was never \def'ed. If you have
misspelled it (e.g., `\hobx'), type `I' and the correct
spelling (e.g., `I\hbox'). Otherwise just continue,
and I'll forget about whatever was undefined.

/Users/jiejin/OneDrive/RobSense/Code/DevKit-gitbook/SUMMARY.tex:19: Undefined control sequence.
<argument> \href 
                 \enspace 
\llap #1->\hbox to\z@ {\hss #1
                              }
\textindent #1->\indent \llap {#1\enspace }
                                           \ignorespaces 
l.19 \item \href
                {chapter1/Purchase a DevKit.md}{Purchase a DevKit}
The control sequence at the end of the top line
of your error message was never \def'ed. If you have
misspelled it (e.g., `\hobx'), type `I' and the correct
spelling (e.g., `I\hbox'). Otherwise just continue,
and I'll forget about whatever was undefined.

/Users/jiejin/OneDrive/RobSense/Code/DevKit-gitbook/SUMMARY.tex:20: Undefined control sequence.
<argument> \href 
                 \enspace 
\llap #1->\hbox to\z@ {\hss #1
                              }
\textindent #1->\indent \llap {#1\enspace }
                                           \ignorespaces 
l.20 \item \href
                {chapter1/Build your Quadcopter.md}{Build your Quadcopter}
The control sequence at the end of the top line
of your error message was never \def'ed. If you have
misspelled it (e.g., `\hobx'), type `I' and the correct
spelling (e.g., `I\hbox'). Otherwise just continue,
and I'll forget about whatever was undefined.

/Users/jiejin/OneDrive/RobSense/Code/DevKit-gitbook/SUMMARY.tex:21: Undefined control sequence.
<argument> \href 
                 \enspace 
\llap #1->\hbox to\z@ {\hss #1
                              }
\textindent #1->\indent \llap {#1\enspace }
                                           \ignorespaces 
l.21 \item \href
                {chapter1/Download the codebase.md}{Download the codebase}
The control sequence at the end of the top line
of your error message was never \def'ed. If you have
misspelled it (e.g., `\hobx'), type `I' and the correct
spelling (e.g., `I\hbox'). Otherwise just continue,
and I'll forget about whatever was undefined.

/Users/jiejin/OneDrive/RobSense/Code/DevKit-gitbook/SUMMARY.tex:22: Undefined control sequence.
<argument> \href 
                 \enspace 
\llap #1->\hbox to\z@ {\hss #1
                              }
\textindent #1->\indent \llap {#1\enspace }
                                           \ignorespaces 
l.22 \item \href
                {chapter1/Build the Firmware.md}{Build the Firmware}
The control sequence at the end of the top line
of your error message was never \def'ed. If you have
misspelled it (e.g., `\hobx'), type `I' and the correct
spelling (e.g., `I\hbox'). Otherwise just continue,
and I'll forget about whatever was undefined.

/Users/jiejin/OneDrive/RobSense/Code/DevKit-gitbook/SUMMARY.tex:23: Undefined control sequence.
<argument> \href 
                 \enspace 
\llap #1->\hbox to\z@ {\hss #1
                              }
\textindent #1->\indent \llap {#1\enspace }
                                           \ignorespaces 
l.23 \item \href
                {chapter1/Program the controller.md}{Program the controller}
The control sequence at the end of the top line
of your error message was never \def'ed. If you have
misspelled it (e.g., `\hobx'), type `I' and the correct
spelling (e.g., `I\hbox'). Otherwise just continue,
and I'll forget about whatever was undefined.

/Users/jiejin/OneDrive/RobSense/Code/DevKit-gitbook/SUMMARY.tex:24: Undefined control sequence.
<argument> \href 
                 \enspace 
\llap #1->\hbox to\z@ {\hss #1
                              }
\textindent #1->\indent \llap {#1\enspace }
                                           \ignorespaces 
l.24 \item \href
                {chapter1/Configure with Mission Planner.md}{Configure with ...
The control sequence at the end of the top line
of your error message was never \def'ed. If you have
misspelled it (e.g., `\hobx'), type `I' and the correct
spelling (e.g., `I\hbox'). Otherwise just continue,
and I'll forget about whatever was undefined.

/Users/jiejin/OneDrive/RobSense/Code/DevKit-gitbook/SUMMARY.tex:25: Undefined control sequence.
<argument> \href 
                 \enspace 
\llap #1->\hbox to\z@ {\hss #1
                              }
\textindent #1->\indent \llap {#1\enspace }
                                           \ignorespaces 
l.25 \item \href
                {chapter1/Release Note.md}{Release Note}
The control sequence at the end of the top line
of your error message was never \def'ed. If you have
misspelled it (e.g., `\hobx'), type `I' and the correct
spelling (e.g., `I\hbox'). Otherwise just continue,
and I'll forget about whatever was undefined.

/Users/jiejin/OneDrive/RobSense/Code/DevKit-gitbook/SUMMARY.tex:26: Undefined control sequence.
<argument> \href 
                 \enspace 
\llap #1->\hbox to\z@ {\hss #1
                              }
\textindent #1->\indent \llap {#1\enspace }
                                           \ignorespaces 
l.26 \item \href
                {chapter1/Become a Developer.md}{Become a Developer}
The control sequence at the end of the top line
of your error message was never \def'ed. If you have
misspelled it (e.g., `\hobx'), type `I' and the correct
spelling (e.g., `I\hbox'). Otherwise just continue,
and I'll forget about whatever was undefined.

[1{/usr/local/texlive/2013/texmf-var/fonts/map/pdftex/updmap/pdftex.map}] )</usr/local/texlive/2013/texmf-dist/fonts/type1/public/amsfonts/cm/cmr10.pfb>
Output written on /Users/jiejin/OneDrive/RobSense/Code/DevKit-gitbook/.texpadtmp/SUMMARY.pdf (1 page, 21256 bytes).
PDF statistics:
 12 PDF objects out of 1000 (max. 8388607)
 7 compressed objects within 1 object stream
 0 named destinations out of 1000 (max. 500000)
 1 words of extra memory for PDF output out of 10000 (max. 10000000)

